<?xml version="1.0" encoding="UTF-8"?>
<!-- Generated by org.testng.reporters.JUnitReportReporter -->
<testsuite hostname="Trayambkay" failures="0" tests="1" name="LearnStringProg.ReverseStringExtractNo_08Dec" time="0.013" errors="0" timestamp="2023-12-23T12:24:47 IST" skipped="0">
  <testcase classname="LearnStringProg.ReverseStringExtractNo_08Dec" name="reverseExp" time="0.013"/>
</testsuite> <!-- LearnStringProg.ReverseStringExtractNo_08Dec -->
