<?xml version="1.0" encoding="UTF-8"?>
<!-- Generated by org.testng.reporters.JUnitReportReporter -->
<testsuite hostname="Trayambkay" failures="0" tests="1" name="com.bixi.BaseTestScripts.InternetBankingTest" time="9.940" errors="0" timestamp="2023-11-30T18:30:15 IST" skipped="0">
  <testcase classname="com.bixi.BaseTestScripts.InternetBankingTest" name="iBankingChangePassword" time="9.940"/>
</testsuite> <!-- com.bixi.BaseTestScripts.InternetBankingTest -->
