<?xml version="1.0" encoding="UTF-8"?>
<!-- Generated by org.testng.reporters.JUnitReportReporter -->
<testsuite hostname="Trayambkay" failures="0" tests="1" name="com.bixi.BaseTestScripts.InternetBankingTest" time="10.304" errors="0" timestamp="2023-12-01T17:55:54 IST" skipped="0">
  <testcase classname="com.bixi.BaseTestScripts.InternetBankingTest" name="iBankingChangePasswordTest" time="10.304"/>
</testsuite> <!-- com.bixi.BaseTestScripts.InternetBankingTest -->
