<?xml version="1.0" encoding="UTF-8"?>
<!-- Generated by org.testng.reporters.JUnitReportReporter -->
<testsuite hostname="Trayambkay" failures="0" tests="1" name="ClassAssignment_08Dec.PrakashSir.Debugging2" time="0.014" errors="0" timestamp="2023-12-28T17:54:08 IST" skipped="0">
  <testcase classname="ClassAssignment_08Dec.PrakashSir.Debugging2" name="method" time="0.014"/>
</testsuite> <!-- ClassAssignment_08Dec.PrakashSir.Debugging2 -->
