<?xml version="1.0" encoding="UTF-8"?>
<!-- Generated by org.testng.reporters.JUnitReportReporter -->
<testsuite hostname="Trayambkay" failures="0" tests="1" name="LearnArrayPrograms.FirstMinandSecondMinOfArray" time="0.019" errors="0" timestamp="2023-12-21T10:15:13 IST" skipped="0">
  <testcase classname="LearnArrayPrograms.FirstMinandSecondMinOfArray" name="firstAndSecondMax" time="0.019"/>
</testsuite> <!-- LearnArrayPrograms.FirstMinandSecondMinOfArray -->
