<?xml version="1.0" encoding="UTF-8"?>
<!-- Generated by org.testng.reporters.JUnitReportReporter -->
<testsuite hostname="Trayambkay" failures="0" tests="1" name="com.bixi.BaseTestScripts.DebitCardTest" time="10.343" errors="0" timestamp="2023-12-01T17:17:42 IST" skipped="0">
  <testcase classname="com.bixi.BaseTestScripts.DebitCardTest" name="applyForDebitCardWithBlankFields_NeyazTC15" time="10.343"/>
</testsuite> <!-- com.bixi.BaseTestScripts.DebitCardTest -->
