<?xml version="1.0" encoding="UTF-8"?>
<!-- Generated by org.testng.reporters.JUnitReportReporter -->
<testsuite hostname="Trayambkay" failures="0" tests="1" name="com.bixi.BaseTestScripts.OpenAccountTest" time="9.716" errors="0" timestamp="2023-11-30T18:15:16 IST" skipped="0">
  <testcase classname="com.bixi.BaseTestScripts.OpenAccountTest" name="applyNewBankAccount_NeyazUTC05" time="9.716"/>
</testsuite> <!-- com.bixi.BaseTestScripts.OpenAccountTest -->
