<?xml version="1.0" encoding="UTF-8"?>
<!-- Generated by org.testng.reporters.JUnitReportReporter -->
<testsuite hostname="Trayambkay" failures="0" tests="3" name="com.bixi.BaseTestScripts.InternetBankingTest" time="23.933" errors="0" timestamp="2023-12-01T17:17:42 IST" skipped="0">
  <testcase classname="com.bixi.BaseTestScripts.InternetBankingTest" name="iBankingChangePassword" time="10.456"/>
  <testcase classname="com.bixi.BaseTestScripts.InternetBankingTest" name="regiterForIBankingAndRefresh_ManTC13" time="10.114"/>
  <testcase classname="com.bixi.BaseTestScripts.InternetBankingTest" name="registerForIBAnotherTab" time="3.363"/>
</testsuite> <!-- com.bixi.BaseTestScripts.InternetBankingTest -->
