<?xml version="1.0" encoding="UTF-8"?>
<!-- Generated by org.testng.reporters.JUnitReportReporter -->
<testsuite hostname="Trayambkay" failures="0" tests="1" name="com.bixi.BaseTestScripts.OpenAccountTest" time="10.383" errors="0" timestamp="2023-12-01T17:17:42 IST" skipped="0">
  <testcase classname="com.bixi.BaseTestScripts.OpenAccountTest" name="applyNewBankAccount_NeyazUTC05" time="10.383"/>
</testsuite> <!-- com.bixi.BaseTestScripts.OpenAccountTest -->
